2021-05-07 13:24:09.586 [main] INFO  com.yue.ddns.DdnsApplication - Starting DdnsApplication using Java 1.8.0_191 on yueyakun with PID 12068 (C:\work_space_my\ddns\target\classes started by Administrator in C:\work_space_my\ddns)
2021-05-07 13:24:09.597 [main] INFO  com.yue.ddns.DdnsApplication - No active profile set, falling back to default profiles: default
2021-05-07 13:24:11.417 [main] INFO  o.s.s.c.ThreadPoolTaskScheduler - Initializing ExecutorService 'taskScheduler'
2021-05-07 13:24:11.484 [main] INFO  com.yue.ddns.DdnsApplication - Started DdnsApplication in 3.327 seconds (JVM running for 9.374)
2021-05-07 13:24:22.621 [scheduling-1] INFO  com.yue.ddns.AliyunDdns - 查询解析记录结果，domainRecords:[com.aliyuncs.alidns.model.v20150109.DescribeSubDomainRecordsResponse$Record@7b95452c]
2021-05-07 13:24:23.473 [scheduling-1] INFO  com.yue.ddns.AliyunDdns - 当前主机公网IP为：124.193.81.246,当前记录值为：106.8.113.121
2021-05-07 13:24:23.475 [scheduling-1] INFO  com.yue.ddns.AliyunDdns - 开发环境不修改
2021-05-07 13:24:53.637 [scheduling-1] INFO  com.yue.ddns.AliyunDdns - 查询解析记录结果，domainRecords:[com.aliyuncs.alidns.model.v20150109.DescribeSubDomainRecordsResponse$Record@edb20c3]
2021-05-07 13:24:54.336 [scheduling-1] INFO  com.yue.ddns.AliyunDdns - 当前主机公网IP为：124.193.81.246,当前记录值为：106.8.113.121
2021-05-07 13:24:54.337 [scheduling-1] INFO  com.yue.ddns.AliyunDdns - 开发环境不修改
2021-05-07 13:25:24.471 [scheduling-1] INFO  com.yue.ddns.AliyunDdns - 查询解析记录结果，domainRecords:[com.aliyuncs.alidns.model.v20150109.DescribeSubDomainRecordsResponse$Record@1a0e353a]
2021-05-07 13:25:25.650 [scheduling-1] INFO  com.yue.ddns.AliyunDdns - 当前主机公网IP为：124.193.81.246,当前记录值为：106.8.113.121
2021-05-07 13:25:25.651 [scheduling-1] INFO  com.yue.ddns.AliyunDdns - 开发环境不修改
2021-05-07 13:25:29.557 [SpringContextShutdownHook] INFO  o.s.s.c.ThreadPoolTaskScheduler - Shutting down ExecutorService 'taskScheduler'
2021-05-07 13:44:00.773 [main] INFO  com.yue.ddns.DdnsApplication - Starting DdnsApplication using Java 1.8.0_191 on yueyakun with PID 12076 (C:\work_space_my\ddns\target\classes started by Administrator in C:\work_space_my\ddns)
2021-05-07 13:44:00.785 [main] INFO  com.yue.ddns.DdnsApplication - The following profiles are active: dev
2021-05-07 13:44:02.780 [main] WARN  o.s.c.a.AnnotationConfigApplicationContext - Exception encountered during context initialization - cancelling refresh attempt: org.springframework.beans.factory.BeanCreationException: Error creating bean with name 'aliyunDdns': Injection of autowired dependencies failed; nested exception is java.lang.IllegalArgumentException: Could not resolve placeholder 'spring.application.profiles.active' in value "${spring.application.profiles.active}"
2021-05-07 13:44:02.808 [main] INFO  o.s.b.a.l.ConditionEvaluationReportLoggingListener - 

Error starting ApplicationContext. To display the conditions report re-run your application with 'debug' enabled.
2021-05-07 13:44:02.920 [main] ERROR o.s.boot.SpringApplication - Application run failed
org.springframework.beans.factory.BeanCreationException: Error creating bean with name 'aliyunDdns': Injection of autowired dependencies failed; nested exception is java.lang.IllegalArgumentException: Could not resolve placeholder 'spring.application.profiles.active' in value "${spring.application.profiles.active}"
	at org.springframework.beans.factory.annotation.AutowiredAnnotationBeanPostProcessor.postProcessProperties(AutowiredAnnotationBeanPostProcessor.java:405)
	at org.springframework.beans.factory.support.AbstractAutowireCapableBeanFactory.populateBean(AbstractAutowireCapableBeanFactory.java:1413)
	at org.springframework.beans.factory.support.AbstractAutowireCapableBeanFactory.doCreateBean(AbstractAutowireCapableBeanFactory.java:601)
	at org.springframework.beans.factory.support.AbstractAutowireCapableBeanFactory.createBean(AbstractAutowireCapableBeanFactory.java:524)
	at org.springframework.beans.factory.support.AbstractBeanFactory.lambda$doGetBean$0(AbstractBeanFactory.java:335)
	at org.springframework.beans.factory.support.DefaultSingletonBeanRegistry.getSingleton(DefaultSingletonBeanRegistry.java:234)
	at org.springframework.beans.factory.support.AbstractBeanFactory.doGetBean(AbstractBeanFactory.java:333)
	at org.springframework.beans.factory.support.AbstractBeanFactory.getBean(AbstractBeanFactory.java:208)
	at org.springframework.beans.factory.support.DefaultListableBeanFactory.preInstantiateSingletons(DefaultListableBeanFactory.java:944)
	at org.springframework.context.support.AbstractApplicationContext.finishBeanFactoryInitialization(AbstractApplicationContext.java:918)
	at org.springframework.context.support.AbstractApplicationContext.refresh(AbstractApplicationContext.java:583)
	at org.springframework.boot.SpringApplication.refresh(SpringApplication.java:782)
	at org.springframework.boot.SpringApplication.refresh(SpringApplication.java:774)
	at org.springframework.boot.SpringApplication.refreshContext(SpringApplication.java:439)
	at org.springframework.boot.SpringApplication.run(SpringApplication.java:339)
	at org.springframework.boot.SpringApplication.run(SpringApplication.java:1340)
	at org.springframework.boot.SpringApplication.run(SpringApplication.java:1329)
	at com.yue.ddns.DdnsApplication.main(DdnsApplication.java:12)
Caused by: java.lang.IllegalArgumentException: Could not resolve placeholder 'spring.application.profiles.active' in value "${spring.application.profiles.active}"
	at org.springframework.util.PropertyPlaceholderHelper.parseStringValue(PropertyPlaceholderHelper.java:178)
	at org.springframework.util.PropertyPlaceholderHelper.replacePlaceholders(PropertyPlaceholderHelper.java:124)
	at org.springframework.core.env.AbstractPropertyResolver.doResolvePlaceholders(AbstractPropertyResolver.java:239)
	at org.springframework.core.env.AbstractPropertyResolver.resolveRequiredPlaceholders(AbstractPropertyResolver.java:210)
	at org.springframework.context.support.PropertySourcesPlaceholderConfigurer.lambda$processProperties$0(PropertySourcesPlaceholderConfigurer.java:175)
	at org.springframework.beans.factory.support.AbstractBeanFactory.resolveEmbeddedValue(AbstractBeanFactory.java:936)
	at org.springframework.beans.factory.support.DefaultListableBeanFactory.doResolveDependency(DefaultListableBeanFactory.java:1321)
	at org.springframework.beans.factory.support.DefaultListableBeanFactory.resolveDependency(DefaultListableBeanFactory.java:1300)
	at org.springframework.beans.factory.annotation.AutowiredAnnotationBeanPostProcessor$AutowiredFieldElement.resolveFieldValue(AutowiredAnnotationBeanPostProcessor.java:657)
	at org.springframework.beans.factory.annotation.AutowiredAnnotationBeanPostProcessor$AutowiredFieldElement.inject(AutowiredAnnotationBeanPostProcessor.java:640)
	at org.springframework.beans.factory.annotation.InjectionMetadata.inject(InjectionMetadata.java:119)
	at org.springframework.beans.factory.annotation.AutowiredAnnotationBeanPostProcessor.postProcessProperties(AutowiredAnnotationBeanPostProcessor.java:399)
	... 17 common frames omitted
2021-05-07 13:45:10.286 [main] INFO  com.yue.ddns.DdnsApplication - Starting DdnsApplication using Java 1.8.0_191 on yueyakun with PID 13208 (C:\work_space_my\ddns\target\classes started by Administrator in C:\work_space_my\ddns)
2021-05-07 13:45:10.294 [main] INFO  com.yue.ddns.DdnsApplication - The following profiles are active: dev
2021-05-07 13:45:11.838 [main] WARN  o.s.c.a.AnnotationConfigApplicationContext - Exception encountered during context initialization - cancelling refresh attempt: org.springframework.beans.factory.BeanCreationException: Error creating bean with name 'aliyunDdns': Injection of autowired dependencies failed; nested exception is java.lang.IllegalArgumentException: Could not resolve placeholder 'aliyun.ddns.regionId' in value "${aliyun.ddns.regionId}"
2021-05-07 13:45:11.860 [main] INFO  o.s.b.a.l.ConditionEvaluationReportLoggingListener - 

Error starting ApplicationContext. To display the conditions report re-run your application with 'debug' enabled.
2021-05-07 13:45:11.954 [main] ERROR o.s.boot.SpringApplication - Application run failed
org.springframework.beans.factory.BeanCreationException: Error creating bean with name 'aliyunDdns': Injection of autowired dependencies failed; nested exception is java.lang.IllegalArgumentException: Could not resolve placeholder 'aliyun.ddns.regionId' in value "${aliyun.ddns.regionId}"
	at org.springframework.beans.factory.annotation.AutowiredAnnotationBeanPostProcessor.postProcessProperties(AutowiredAnnotationBeanPostProcessor.java:405)
	at org.springframework.beans.factory.support.AbstractAutowireCapableBeanFactory.populateBean(AbstractAutowireCapableBeanFactory.java:1413)
	at org.springframework.beans.factory.support.AbstractAutowireCapableBeanFactory.doCreateBean(AbstractAutowireCapableBeanFactory.java:601)
	at org.springframework.beans.factory.support.AbstractAutowireCapableBeanFactory.createBean(AbstractAutowireCapableBeanFactory.java:524)
	at org.springframework.beans.factory.support.AbstractBeanFactory.lambda$doGetBean$0(AbstractBeanFactory.java:335)
	at org.springframework.beans.factory.support.DefaultSingletonBeanRegistry.getSingleton(DefaultSingletonBeanRegistry.java:234)
	at org.springframework.beans.factory.support.AbstractBeanFactory.doGetBean(AbstractBeanFactory.java:333)
	at org.springframework.beans.factory.support.AbstractBeanFactory.getBean(AbstractBeanFactory.java:208)
	at org.springframework.beans.factory.support.DefaultListableBeanFactory.preInstantiateSingletons(DefaultListableBeanFactory.java:944)
	at org.springframework.context.support.AbstractApplicationContext.finishBeanFactoryInitialization(AbstractApplicationContext.java:918)
	at org.springframework.context.support.AbstractApplicationContext.refresh(AbstractApplicationContext.java:583)
	at org.springframework.boot.SpringApplication.refresh(SpringApplication.java:782)
	at org.springframework.boot.SpringApplication.refresh(SpringApplication.java:774)
	at org.springframework.boot.SpringApplication.refreshContext(SpringApplication.java:439)
	at org.springframework.boot.SpringApplication.run(SpringApplication.java:339)
	at org.springframework.boot.SpringApplication.run(SpringApplication.java:1340)
	at org.springframework.boot.SpringApplication.run(SpringApplication.java:1329)
	at com.yue.ddns.DdnsApplication.main(DdnsApplication.java:12)
Caused by: java.lang.IllegalArgumentException: Could not resolve placeholder 'aliyun.ddns.regionId' in value "${aliyun.ddns.regionId}"
	at org.springframework.util.PropertyPlaceholderHelper.parseStringValue(PropertyPlaceholderHelper.java:178)
	at org.springframework.util.PropertyPlaceholderHelper.replacePlaceholders(PropertyPlaceholderHelper.java:124)
	at org.springframework.core.env.AbstractPropertyResolver.doResolvePlaceholders(AbstractPropertyResolver.java:239)
	at org.springframework.core.env.AbstractPropertyResolver.resolveRequiredPlaceholders(AbstractPropertyResolver.java:210)
	at org.springframework.context.support.PropertySourcesPlaceholderConfigurer.lambda$processProperties$0(PropertySourcesPlaceholderConfigurer.java:175)
	at org.springframework.beans.factory.support.AbstractBeanFactory.resolveEmbeddedValue(AbstractBeanFactory.java:936)
	at org.springframework.beans.factory.support.DefaultListableBeanFactory.doResolveDependency(DefaultListableBeanFactory.java:1321)
	at org.springframework.beans.factory.support.DefaultListableBeanFactory.resolveDependency(DefaultListableBeanFactory.java:1300)
	at org.springframework.beans.factory.annotation.AutowiredAnnotationBeanPostProcessor$AutowiredFieldElement.resolveFieldValue(AutowiredAnnotationBeanPostProcessor.java:657)
	at org.springframework.beans.factory.annotation.AutowiredAnnotationBeanPostProcessor$AutowiredFieldElement.inject(AutowiredAnnotationBeanPostProcessor.java:640)
	at org.springframework.beans.factory.annotation.InjectionMetadata.inject(InjectionMetadata.java:119)
	at org.springframework.beans.factory.annotation.AutowiredAnnotationBeanPostProcessor.postProcessProperties(AutowiredAnnotationBeanPostProcessor.java:399)
	... 17 common frames omitted
2021-05-07 13:46:32.570 [main] INFO  com.yue.ddns.DdnsApplication - Starting DdnsApplication using Java 1.8.0_191 on yueyakun with PID 12560 (C:\work_space_my\ddns\target\classes started by Administrator in C:\work_space_my\ddns)
2021-05-07 13:46:32.584 [main] INFO  com.yue.ddns.DdnsApplication - The following profiles are active: dev
2021-05-07 13:46:34.613 [main] INFO  o.s.s.c.ThreadPoolTaskScheduler - Initializing ExecutorService 'taskScheduler'
2021-05-07 13:46:34.659 [main] INFO  com.yue.ddns.DdnsApplication - Started DdnsApplication in 3.993 seconds (JVM running for 9.24)
2021-05-07 13:46:44.664 [scheduling-1] ERROR o.s.s.s.TaskUtils$LoggingErrorHandler - Unexpected error occurred in scheduled task
java.lang.NullPointerException: null
	at com.aliyuncs.endpoint.UserCustomizedEndpointResolver.makeEndpointKey(UserCustomizedEndpointResolver.java:49)
	at com.aliyuncs.endpoint.UserCustomizedEndpointResolver.makeEndpointKey(UserCustomizedEndpointResolver.java:45)
	at com.aliyuncs.endpoint.EndpointResolverBase.fetchEndpointEntry(EndpointResolverBase.java:15)
	at com.aliyuncs.endpoint.UserCustomizedEndpointResolver.resolve(UserCustomizedEndpointResolver.java:40)
	at com.aliyuncs.endpoint.ChainedEndpointResolver.resolve(ChainedEndpointResolver.java:65)
	at com.aliyuncs.endpoint.DefaultEndpointResolver.resolve(DefaultEndpointResolver.java:57)
	at com.aliyuncs.DefaultAcsClient.doAction(DefaultAcsClient.java:224)
	at com.aliyuncs.DefaultAcsClient.doAction(DefaultAcsClient.java:172)
	at com.aliyuncs.DefaultAcsClient.doAction(DefaultAcsClient.java:67)
	at com.aliyuncs.DefaultAcsClient.getAcsResponse(DefaultAcsClient.java:98)
	at com.yue.ddns.AliyunDdns.describeSubDomainRecords(AliyunDdns.java:99)
	at com.yue.ddns.AliyunDdns.schedulingMethod(AliyunDdns.java:57)
	at sun.reflect.NativeMethodAccessorImpl.invoke0(Native Method)
	at sun.reflect.NativeMethodAccessorImpl.invoke(NativeMethodAccessorImpl.java:62)
	at sun.reflect.DelegatingMethodAccessorImpl.invoke(DelegatingMethodAccessorImpl.java:43)
	at java.lang.reflect.Method.invoke(Method.java:498)
	at org.springframework.scheduling.support.ScheduledMethodRunnable.run(ScheduledMethodRunnable.java:84)
	at org.springframework.scheduling.support.DelegatingErrorHandlingRunnable.run(DelegatingErrorHandlingRunnable.java:54)
	at java.util.concurrent.Executors$RunnableAdapter.call(Executors.java:511)
	at java.util.concurrent.FutureTask.runAndReset$$$capture(FutureTask.java:308)
	at java.util.concurrent.FutureTask.runAndReset(FutureTask.java)
	at java.util.concurrent.ScheduledThreadPoolExecutor$ScheduledFutureTask.access$301(ScheduledThreadPoolExecutor.java:180)
	at java.util.concurrent.ScheduledThreadPoolExecutor$ScheduledFutureTask.run(ScheduledThreadPoolExecutor.java:294)
	at java.util.concurrent.ThreadPoolExecutor.runWorker(ThreadPoolExecutor.java:1149)
	at java.util.concurrent.ThreadPoolExecutor$Worker.run(ThreadPoolExecutor.java:624)
	at java.lang.Thread.run(Thread.java:748)
2021-05-07 13:48:57.224 [SpringContextShutdownHook] INFO  o.s.s.c.ThreadPoolTaskScheduler - Shutting down ExecutorService 'taskScheduler'
2021-05-07 13:49:11.402 [main] INFO  com.yue.ddns.DdnsApplication - Starting DdnsApplication using Java 1.8.0_191 on yueyakun with PID 15440 (C:\work_space_my\ddns\target\classes started by Administrator in C:\work_space_my\ddns)
2021-05-07 13:49:11.411 [main] INFO  com.yue.ddns.DdnsApplication - The following profiles are active: dev
2021-05-07 13:49:13.237 [main] INFO  o.s.s.c.ThreadPoolTaskScheduler - Initializing ExecutorService 'taskScheduler'
2021-05-07 13:49:13.301 [main] INFO  com.yue.ddns.DdnsApplication - Started DdnsApplication in 3.582 seconds (JVM running for 8.492)
2021-05-07 13:49:24.526 [scheduling-1] INFO  com.yue.ddns.AliyunDdns - 查询解析记录结果，domainRecords:[com.aliyuncs.alidns.model.v20150109.DescribeSubDomainRecordsResponse$Record@2a0d294c]
2021-05-07 13:49:25.450 [scheduling-1] INFO  com.yue.ddns.AliyunDdns - 当前主机公网IP为：124.193.81.246,当前记录值为：106.8.113.121
2021-05-07 13:49:25.451 [scheduling-1] INFO  com.yue.ddns.AliyunDdns - 开发环境不修改
2021-05-07 13:52:28.593 [scheduling-1] INFO  com.yue.ddns.AliyunDdns - 查询解析记录结果，domainRecords:[com.aliyuncs.alidns.model.v20150109.DescribeSubDomainRecordsResponse$Record@6a878a25]
2021-05-07 13:52:29.900 [scheduling-1] INFO  com.yue.ddns.AliyunDdns - 当前主机公网IP为：124.193.81.246,当前记录值为：106.8.113.121
2021-05-07 13:52:29.903 [scheduling-1] INFO  com.yue.ddns.AliyunDdns - 开发环境不修改
2021-05-07 13:53:31.742 [SpringContextShutdownHook] INFO  o.s.s.c.ThreadPoolTaskScheduler - Shutting down ExecutorService 'taskScheduler'
2021-05-07 13:53:48.471 [main] INFO  com.yue.ddns.DdnsApplication - Starting DdnsApplication using Java 1.8.0_191 on yueyakun with PID 10504 (C:\work_space_my\ddns\target\classes started by Administrator in C:\work_space_my\ddns)
2021-05-07 13:53:48.487 [main] INFO  com.yue.ddns.DdnsApplication - The following profiles are active: dev
2021-05-07 13:53:50.767 [main] INFO  o.s.s.c.ThreadPoolTaskScheduler - Initializing ExecutorService 'taskScheduler'
2021-05-07 13:53:50.852 [main] INFO  com.yue.ddns.DdnsApplication - Started DdnsApplication in 4.117 seconds (JVM running for 10.969)
2021-05-07 13:54:02.060 [scheduling-1] INFO  com.yue.ddns.AliyunDdns - 查询解析记录结果，domainRecords:[com.aliyuncs.alidns.model.v20150109.DescribeSubDomainRecordsResponse$Record@5955c57b]
2021-05-07 13:54:03.747 [scheduling-1] INFO  com.yue.ddns.AliyunDdns - 当前主机公网IP为：124.193.81.246,当前记录值为：106.8.113.121
2021-05-07 13:54:03.751 [scheduling-1] INFO  com.yue.ddns.AliyunDdns - 开发环境不修改
2021-05-07 13:57:03.967 [scheduling-1] INFO  com.yue.ddns.AliyunDdns - 查询解析记录结果，domainRecords:[com.aliyuncs.alidns.model.v20150109.DescribeSubDomainRecordsResponse$Record@4dd4b297]
2021-05-07 13:57:06.763 [scheduling-1] INFO  com.yue.ddns.AliyunDdns - 当前主机公网IP为：124.193.81.246,当前记录值为：106.8.113.121
2021-05-07 13:57:06.765 [scheduling-1] INFO  com.yue.ddns.AliyunDdns - 开发环境不修改
2021-05-07 14:00:06.913 [scheduling-1] INFO  com.yue.ddns.AliyunDdns - 查询解析记录结果，domainRecords:[com.aliyuncs.alidns.model.v20150109.DescribeSubDomainRecordsResponse$Record@3820ffa2]
2021-05-07 14:00:07.641 [scheduling-1] INFO  com.yue.ddns.AliyunDdns - 当前主机公网IP为：124.193.81.246,当前记录值为：106.8.113.121
2021-05-07 14:00:07.642 [scheduling-1] INFO  com.yue.ddns.AliyunDdns - 开发环境不修改
2021-05-07 14:03:07.790 [scheduling-1] INFO  com.yue.ddns.AliyunDdns - 查询解析记录结果，domainRecords:[com.aliyuncs.alidns.model.v20150109.DescribeSubDomainRecordsResponse$Record@443ca484]
2021-05-07 14:03:09.574 [scheduling-1] INFO  com.yue.ddns.AliyunDdns - 当前主机公网IP为：124.193.81.246,当前记录值为：106.8.113.121
2021-05-07 14:03:09.578 [scheduling-1] INFO  com.yue.ddns.AliyunDdns - 开发环境不修改
2021-05-07 14:06:09.716 [scheduling-1] INFO  com.yue.ddns.AliyunDdns - 查询解析记录结果，domainRecords:[com.aliyuncs.alidns.model.v20150109.DescribeSubDomainRecordsResponse$Record@741198ba]
2021-05-07 14:06:11.899 [scheduling-1] INFO  com.yue.ddns.AliyunDdns - 当前主机公网IP为：124.193.81.246,当前记录值为：106.8.113.121
2021-05-07 14:06:11.903 [scheduling-1] INFO  com.yue.ddns.AliyunDdns - 开发环境不修改
2021-05-07 14:09:12.151 [scheduling-1] INFO  com.yue.ddns.AliyunDdns - 查询解析记录结果，domainRecords:[com.aliyuncs.alidns.model.v20150109.DescribeSubDomainRecordsResponse$Record@9e956fb]
2021-05-07 14:09:13.472 [scheduling-1] INFO  com.yue.ddns.AliyunDdns - 当前主机公网IP为：124.193.81.246,当前记录值为：106.8.113.121
2021-05-07 14:09:13.474 [scheduling-1] INFO  com.yue.ddns.AliyunDdns - 开发环境不修改
2021-05-07 14:12:13.660 [scheduling-1] INFO  com.yue.ddns.AliyunDdns - 查询解析记录结果，domainRecords:[com.aliyuncs.alidns.model.v20150109.DescribeSubDomainRecordsResponse$Record@f2b4a27]
2021-05-07 14:12:18.967 [scheduling-1] INFO  com.yue.ddns.AliyunDdns - 当前主机公网IP为：124.193.81.246,当前记录值为：106.8.113.121
2021-05-07 14:12:18.969 [scheduling-1] INFO  com.yue.ddns.AliyunDdns - 开发环境不修改
2021-05-07 14:15:19.595 [scheduling-1] INFO  com.yue.ddns.AliyunDdns - 查询解析记录结果，domainRecords:[com.aliyuncs.alidns.model.v20150109.DescribeSubDomainRecordsResponse$Record@5b55fc9a]
2021-05-07 14:15:20.306 [scheduling-1] INFO  com.yue.ddns.AliyunDdns - 当前主机公网IP为：124.193.81.246,当前记录值为：106.8.113.121
2021-05-07 14:15:20.306 [scheduling-1] INFO  com.yue.ddns.AliyunDdns - 开发环境不修改
2021-05-07 14:18:20.443 [scheduling-1] INFO  com.yue.ddns.AliyunDdns - 查询解析记录结果，domainRecords:[com.aliyuncs.alidns.model.v20150109.DescribeSubDomainRecordsResponse$Record@53718ac1]
2021-05-07 14:18:21.501 [scheduling-1] INFO  com.yue.ddns.AliyunDdns - 当前主机公网IP为：124.193.81.246,当前记录值为：106.8.113.121
2021-05-07 14:18:21.503 [scheduling-1] INFO  com.yue.ddns.AliyunDdns - 开发环境不修改
2021-05-07 14:19:44.635 [SpringContextShutdownHook] INFO  o.s.s.c.ThreadPoolTaskScheduler - Shutting down ExecutorService 'taskScheduler'
